mode: atomic
github.com/hugofrely/envswitch/cmd/completion.go:48.13,50.2 1 1
github.com/hugofrely/envswitch/cmd/completion.go:52.61,53.17 1 6
github.com/hugofrely/envswitch/cmd/completion.go:54.14,55.49 1 2
github.com/hugofrely/envswitch/cmd/completion.go:56.13,57.48 1 2
github.com/hugofrely/envswitch/cmd/completion.go:58.14,59.55 1 2
github.com/hugofrely/envswitch/cmd/completion.go:61.2,61.12 1 0
github.com/hugofrely/envswitch/cmd/completion_helpers.go:10.122,11.20 1 0
github.com/hugofrely/envswitch/cmd/completion_helpers.go:11.20,13.3 1 0
github.com/hugofrely/envswitch/cmd/completion_helpers.go:15.2,16.16 2 0
github.com/hugofrely/envswitch/cmd/completion_helpers.go:16.16,18.3 1 0
github.com/hugofrely/envswitch/cmd/completion_helpers.go:20.2,21.27 2 0
github.com/hugofrely/envswitch/cmd/completion_helpers.go:21.27,23.3 1 0
github.com/hugofrely/envswitch/cmd/completion_helpers.go:25.2,25.50 1 0
github.com/hugofrely/envswitch/cmd/config.go:39.13,44.2 4 1
github.com/hugofrely/envswitch/cmd/config.go:46.61,48.16 2 3
github.com/hugofrely/envswitch/cmd/config.go:48.16,50.3 1 0
github.com/hugofrely/envswitch/cmd/config.go:53.2,54.16 2 3
github.com/hugofrely/envswitch/cmd/config.go:54.16,56.3 1 0
github.com/hugofrely/envswitch/cmd/config.go:58.2,62.12 4 3
github.com/hugofrely/envswitch/cmd/config.go:65.60,69.16 3 15
github.com/hugofrely/envswitch/cmd/config.go:69.16,71.3 1 0
github.com/hugofrely/envswitch/cmd/config.go:73.2,74.16 2 15
github.com/hugofrely/envswitch/cmd/config.go:74.16,76.3 1 1
github.com/hugofrely/envswitch/cmd/config.go:78.2,79.12 2 14
github.com/hugofrely/envswitch/cmd/config.go:82.60,87.16 4 25
github.com/hugofrely/envswitch/cmd/config.go:87.16,89.3 1 0
github.com/hugofrely/envswitch/cmd/config.go:92.2,95.38 2 25
github.com/hugofrely/envswitch/cmd/config.go:95.38,97.3 1 4
github.com/hugofrely/envswitch/cmd/config.go:97.8,97.54 1 21
github.com/hugofrely/envswitch/cmd/config.go:97.54,100.3 1 6
github.com/hugofrely/envswitch/cmd/config.go:100.8,100.62 1 15
github.com/hugofrely/envswitch/cmd/config.go:100.62,103.3 1 2
github.com/hugofrely/envswitch/cmd/config.go:103.8,106.3 1 13
github.com/hugofrely/envswitch/cmd/config.go:108.2,108.44 1 25
github.com/hugofrely/envswitch/cmd/config.go:108.44,110.3 1 4
github.com/hugofrely/envswitch/cmd/config.go:112.2,112.35 1 21
github.com/hugofrely/envswitch/cmd/config.go:112.35,114.3 1 0
github.com/hugofrely/envswitch/cmd/config.go:116.2,117.12 2 21
github.com/hugofrely/envswitch/cmd/create.go:31.13,38.2 5 1
github.com/hugofrely/envswitch/cmd/create.go:41.96,47.58 4 2
github.com/hugofrely/envswitch/cmd/create.go:47.58,49.3 1 1
github.com/hugofrely/envswitch/cmd/create.go:51.2,52.16 2 1
github.com/hugofrely/envswitch/cmd/create.go:52.16,54.3 1 0
github.com/hugofrely/envswitch/cmd/create.go:57.2,60.92 3 1
github.com/hugofrely/envswitch/cmd/create.go:60.92,61.17 1 5
github.com/hugofrely/envswitch/cmd/create.go:61.17,63.4 1 0
github.com/hugofrely/envswitch/cmd/create.go:66.3,67.17 2 5
github.com/hugofrely/envswitch/cmd/create.go:67.17,69.4 1 0
github.com/hugofrely/envswitch/cmd/create.go:71.3,74.19 2 5
github.com/hugofrely/envswitch/cmd/create.go:74.19,76.4 1 3
github.com/hugofrely/envswitch/cmd/create.go:79.3,80.17 2 2
github.com/hugofrely/envswitch/cmd/create.go:80.17,82.4 1 0
github.com/hugofrely/envswitch/cmd/create.go:83.3,83.55 1 2
github.com/hugofrely/envswitch/cmd/create.go:86.2,86.16 1 1
github.com/hugofrely/envswitch/cmd/create.go:86.16,88.3 1 0
github.com/hugofrely/envswitch/cmd/create.go:91.2,97.57 5 1
github.com/hugofrely/envswitch/cmd/create.go:97.57,98.63 1 1
github.com/hugofrely/envswitch/cmd/create.go:98.63,100.4 1 0
github.com/hugofrely/envswitch/cmd/create.go:103.2,106.12 3 1
github.com/hugofrely/envswitch/cmd/create.go:110.78,124.49 5 4
github.com/hugofrely/envswitch/cmd/create.go:124.49,126.30 1 20
github.com/hugofrely/envswitch/cmd/create.go:126.30,133.12 3 0
github.com/hugofrely/envswitch/cmd/create.go:137.3,140.57 2 20
github.com/hugofrely/envswitch/cmd/create.go:140.57,147.12 3 17
github.com/hugofrely/envswitch/cmd/create.go:151.3,152.17 2 3
github.com/hugofrely/envswitch/cmd/create.go:152.17,154.4 1 0
github.com/hugofrely/envswitch/cmd/create.go:157.3,165.24 3 3
github.com/hugofrely/envswitch/cmd/create.go:165.24,168.37 3 3
github.com/hugofrely/envswitch/cmd/create.go:168.37,169.15 1 3
github.com/hugofrely/envswitch/cmd/create.go:169.15,171.6 1 0
github.com/hugofrely/envswitch/cmd/create.go:172.5,173.18 2 3
github.com/hugofrely/envswitch/cmd/create.go:175.4,175.18 1 3
github.com/hugofrely/envswitch/cmd/create.go:177.3,179.18 2 3
github.com/hugofrely/envswitch/cmd/create.go:183.2,188.12 5 4
github.com/hugofrely/envswitch/cmd/create.go:191.57,195.16 2 12
github.com/hugofrely/envswitch/cmd/create.go:195.16,197.3 1 1
github.com/hugofrely/envswitch/cmd/create.go:200.2,201.16 2 11
github.com/hugofrely/envswitch/cmd/create.go:201.16,203.3 1 0
github.com/hugofrely/envswitch/cmd/create.go:205.2,206.53 2 11
github.com/hugofrely/envswitch/cmd/create.go:206.53,208.3 1 1
github.com/hugofrely/envswitch/cmd/create.go:211.2,211.51 1 10
github.com/hugofrely/envswitch/cmd/create.go:211.51,213.3 1 0
github.com/hugofrely/envswitch/cmd/create.go:215.2,216.57 2 10
github.com/hugofrely/envswitch/cmd/create.go:216.57,218.3 1 0
github.com/hugofrely/envswitch/cmd/create.go:221.2,234.37 3 10
github.com/hugofrely/envswitch/cmd/create.go:234.37,240.3 1 70
github.com/hugofrely/envswitch/cmd/create.go:243.2,243.22 1 10
github.com/hugofrely/envswitch/cmd/create.go:243.22,244.76 1 2
github.com/hugofrely/envswitch/cmd/create.go:244.76,246.4 1 1
github.com/hugofrely/envswitch/cmd/create.go:247.8,247.30 1 8
github.com/hugofrely/envswitch/cmd/create.go:247.30,248.59 1 4
github.com/hugofrely/envswitch/cmd/create.go:248.59,250.4 1 0
github.com/hugofrely/envswitch/cmd/create.go:254.2,254.35 1 9
github.com/hugofrely/envswitch/cmd/create.go:254.35,256.3 1 0
github.com/hugofrely/envswitch/cmd/create.go:259.2,260.56 2 9
github.com/hugofrely/envswitch/cmd/create.go:260.56,261.94 1 8
github.com/hugofrely/envswitch/cmd/create.go:261.94,263.4 1 0
github.com/hugofrely/envswitch/cmd/create.go:266.2,271.43 4 9
github.com/hugofrely/envswitch/cmd/create.go:271.43,273.65 2 5
github.com/hugofrely/envswitch/cmd/create.go:273.65,275.4 1 0
github.com/hugofrely/envswitch/cmd/create.go:276.3,276.45 1 5
github.com/hugofrely/envswitch/cmd/create.go:277.8,279.3 1 4
github.com/hugofrely/envswitch/cmd/create.go:281.2,281.12 1 9
github.com/hugofrely/envswitch/cmd/delete.go:28.13,32.2 3 1
github.com/hugofrely/envswitch/cmd/delete.go:34.57,39.16 3 6
github.com/hugofrely/envswitch/cmd/delete.go:39.16,41.3 1 1
github.com/hugofrely/envswitch/cmd/delete.go:44.2,45.44 2 5
github.com/hugofrely/envswitch/cmd/delete.go:45.44,47.3 1 1
github.com/hugofrely/envswitch/cmd/delete.go:50.2,50.18 1 4
github.com/hugofrely/envswitch/cmd/delete.go:50.18,53.50 3 0
github.com/hugofrely/envswitch/cmd/delete.go:53.50,57.4 2 0
github.com/hugofrely/envswitch/cmd/delete.go:58.3,58.41 1 0
github.com/hugofrely/envswitch/cmd/delete.go:58.41,61.4 2 0
github.com/hugofrely/envswitch/cmd/delete.go:65.2,66.22 2 4
github.com/hugofrely/envswitch/cmd/delete.go:66.22,69.17 3 3
github.com/hugofrely/envswitch/cmd/delete.go:69.17,72.4 2 0
github.com/hugofrely/envswitch/cmd/delete.go:72.9,75.4 2 3
github.com/hugofrely/envswitch/cmd/delete.go:79.2,79.47 1 4
github.com/hugofrely/envswitch/cmd/delete.go:79.47,81.3 1 0
github.com/hugofrely/envswitch/cmd/delete.go:83.2,84.23 2 4
github.com/hugofrely/envswitch/cmd/delete.go:84.23,86.3 1 3
github.com/hugofrely/envswitch/cmd/delete.go:88.2,88.12 1 4
github.com/hugofrely/envswitch/cmd/export.go:42.13,46.2 3 1
github.com/hugofrely/envswitch/cmd/export.go:48.57,50.32 1 0
github.com/hugofrely/envswitch/cmd/export.go:50.32,52.3 1 0
github.com/hugofrely/envswitch/cmd/export.go:54.2,54.34 1 0
github.com/hugofrely/envswitch/cmd/export.go:54.34,56.3 1 0
github.com/hugofrely/envswitch/cmd/export.go:58.2,62.15 3 0
github.com/hugofrely/envswitch/cmd/export.go:62.15,64.19 2 0
github.com/hugofrely/envswitch/cmd/export.go:64.19,66.4 1 0
github.com/hugofrely/envswitch/cmd/export.go:68.3,68.63 1 0
github.com/hugofrely/envswitch/cmd/export.go:68.63,70.4 1 0
github.com/hugofrely/envswitch/cmd/export.go:72.3,73.13 2 0
github.com/hugofrely/envswitch/cmd/export.go:77.2,77.20 1 0
github.com/hugofrely/envswitch/cmd/export.go:77.20,80.19 3 0
github.com/hugofrely/envswitch/cmd/export.go:80.19,82.4 1 0
github.com/hugofrely/envswitch/cmd/export.go:84.3,84.68 1 0
github.com/hugofrely/envswitch/cmd/export.go:84.68,86.4 1 0
github.com/hugofrely/envswitch/cmd/export.go:88.3,89.13 2 0
github.com/hugofrely/envswitch/cmd/export.go:93.2,94.18 2 0
github.com/hugofrely/envswitch/cmd/export.go:94.18,96.3 1 0
github.com/hugofrely/envswitch/cmd/export.go:98.2,98.65 1 0
github.com/hugofrely/envswitch/cmd/export.go:98.65,100.3 1 0
github.com/hugofrely/envswitch/cmd/export.go:102.2,103.12 2 0
github.com/hugofrely/envswitch/cmd/history.go:56.13,68.2 7 1
github.com/hugofrely/envswitch/cmd/history.go:70.58,72.16 2 6
github.com/hugofrely/envswitch/cmd/history.go:72.16,74.3 1 0
github.com/hugofrely/envswitch/cmd/history.go:76.2,76.28 1 6
github.com/hugofrely/envswitch/cmd/history.go:76.28,82.3 5 1
github.com/hugofrely/envswitch/cmd/history.go:85.2,86.16 2 5
github.com/hugofrely/envswitch/cmd/history.go:86.16,88.3 1 3
github.com/hugofrely/envswitch/cmd/history.go:90.2,97.41 4 5
github.com/hugofrely/envswitch/cmd/history.go:97.41,100.3 2 13
github.com/hugofrely/envswitch/cmd/history.go:102.2,102.53 1 5
github.com/hugofrely/envswitch/cmd/history.go:102.53,104.3 1 1
github.com/hugofrely/envswitch/cmd/history.go:106.2,106.12 1 5
github.com/hugofrely/envswitch/cmd/history.go:109.62,111.16 2 1
github.com/hugofrely/envswitch/cmd/history.go:111.16,113.3 1 0
github.com/hugofrely/envswitch/cmd/history.go:115.2,115.28 1 1
github.com/hugofrely/envswitch/cmd/history.go:115.28,118.3 2 0
github.com/hugofrely/envswitch/cmd/history.go:121.2,122.16 2 1
github.com/hugofrely/envswitch/cmd/history.go:122.16,124.3 1 1
github.com/hugofrely/envswitch/cmd/history.go:126.2,132.41 4 1
github.com/hugofrely/envswitch/cmd/history.go:132.41,135.12 3 3
github.com/hugofrely/envswitch/cmd/history.go:135.12,137.4 1 2
github.com/hugofrely/envswitch/cmd/history.go:140.2,140.12 1 1
github.com/hugofrely/envswitch/cmd/history.go:143.63,148.36 2 1
github.com/hugofrely/envswitch/cmd/history.go:148.36,150.3 1 0
github.com/hugofrely/envswitch/cmd/history.go:152.2,153.12 2 1
github.com/hugofrely/envswitch/cmd/history.go:156.69,162.20 3 20
github.com/hugofrely/envswitch/cmd/history.go:162.20,164.3 1 6
github.com/hugofrely/envswitch/cmd/history.go:167.2,169.14 2 20
github.com/hugofrely/envswitch/cmd/history.go:169.14,177.27 6 5
github.com/hugofrely/envswitch/cmd/history.go:177.27,179.4 1 3
github.com/hugofrely/envswitch/cmd/history.go:181.3,181.29 1 5
github.com/hugofrely/envswitch/cmd/history.go:181.29,183.4 1 1
github.com/hugofrely/envswitch/cmd/history.go:185.3,185.27 1 5
github.com/hugofrely/envswitch/cmd/history.go:185.27,187.4 1 2
github.com/hugofrely/envswitch/cmd/history.go:188.8,193.27 3 15
github.com/hugofrely/envswitch/cmd/history.go:193.27,195.4 1 4
github.com/hugofrely/envswitch/cmd/history.go:196.3,196.16 1 15
github.com/hugofrely/envswitch/cmd/history.go:200.41,201.13 1 7
github.com/hugofrely/envswitch/cmd/history.go:201.13,203.3 1 4
github.com/hugofrely/envswitch/cmd/history.go:204.2,204.17 1 3
github.com/hugofrely/envswitch/cmd/history.go:207.38,208.15 1 24
github.com/hugofrely/envswitch/cmd/history.go:208.15,210.3 1 7
github.com/hugofrely/envswitch/cmd/history.go:211.2,212.18 2 17
github.com/hugofrely/envswitch/cmd/history.go:212.18,214.3 1 15
github.com/hugofrely/envswitch/cmd/history.go:215.2,217.57 3 2
github.com/hugofrely/envswitch/cmd/history.go:220.50,221.22 1 7
github.com/hugofrely/envswitch/cmd/history.go:221.22,223.3 1 6
github.com/hugofrely/envswitch/cmd/history.go:224.2,224.29 1 1
github.com/hugofrely/envswitch/cmd/import.go:48.13,53.2 4 1
github.com/hugofrely/envswitch/cmd/import.go:55.57,62.15 4 0
github.com/hugofrely/envswitch/cmd/import.go:62.15,63.69 1 0
github.com/hugofrely/envswitch/cmd/import.go:63.69,65.4 1 0
github.com/hugofrely/envswitch/cmd/import.go:67.3,68.13 2 0
github.com/hugofrely/envswitch/cmd/import.go:72.2,72.91 1 0
github.com/hugofrely/envswitch/cmd/import.go:72.91,74.3 1 0
github.com/hugofrely/envswitch/cmd/import.go:77.2,83.72 2 0
github.com/hugofrely/envswitch/cmd/import.go:83.72,85.3 1 0
github.com/hugofrely/envswitch/cmd/import.go:87.2,88.19 2 0
github.com/hugofrely/envswitch/cmd/import.go:88.19,96.22 5 0
github.com/hugofrely/envswitch/cmd/import.go:96.22,100.54 3 0
github.com/hugofrely/envswitch/cmd/import.go:100.54,102.5 1 0
github.com/hugofrely/envswitch/cmd/import.go:106.2,109.12 3 0
github.com/hugofrely/envswitch/cmd/init.go:19.13,21.2 1 1
github.com/hugofrely/envswitch/cmd/init.go:23.55,25.16 2 14
github.com/hugofrely/envswitch/cmd/init.go:25.16,27.3 1 0
github.com/hugofrely/envswitch/cmd/init.go:29.2,33.56 3 14
github.com/hugofrely/envswitch/cmd/init.go:33.56,35.3 1 0
github.com/hugofrely/envswitch/cmd/init.go:38.2,39.27 2 14
github.com/hugofrely/envswitch/cmd/init.go:39.27,41.52 2 28
github.com/hugofrely/envswitch/cmd/init.go:41.52,43.4 1 0
github.com/hugofrely/envswitch/cmd/init.go:47.2,48.55 2 14
github.com/hugofrely/envswitch/cmd/init.go:48.55,66.17 3 7
github.com/hugofrely/envswitch/cmd/init.go:66.17,68.4 1 0
github.com/hugofrely/envswitch/cmd/init.go:70.3,70.62 1 7
github.com/hugofrely/envswitch/cmd/init.go:70.62,72.4 1 0
github.com/hugofrely/envswitch/cmd/init.go:76.2,77.56 2 14
github.com/hugofrely/envswitch/cmd/init.go:77.56,78.69 1 7
github.com/hugofrely/envswitch/cmd/init.go:78.69,80.4 1 0
github.com/hugofrely/envswitch/cmd/init.go:83.2,97.12 14 14
github.com/hugofrely/envswitch/cmd/list.go:26.13,29.2 2 1
github.com/hugofrely/envswitch/cmd/list.go:31.55,33.16 2 5
github.com/hugofrely/envswitch/cmd/list.go:33.16,35.3 1 0
github.com/hugofrely/envswitch/cmd/list.go:37.2,37.28 1 5
github.com/hugofrely/envswitch/cmd/list.go:37.28,43.3 5 1
github.com/hugofrely/envswitch/cmd/list.go:45.2,47.20 3 4
github.com/hugofrely/envswitch/cmd/list.go:47.20,49.3 1 1
github.com/hugofrely/envswitch/cmd/list.go:51.2,54.35 3 4
github.com/hugofrely/envswitch/cmd/list.go:54.35,58.30 3 5
github.com/hugofrely/envswitch/cmd/list.go:58.30,61.4 2 1
github.com/hugofrely/envswitch/cmd/list.go:63.3,65.28 2 5
github.com/hugofrely/envswitch/cmd/list.go:65.28,67.4 1 2
github.com/hugofrely/envswitch/cmd/list.go:68.3,70.19 2 5
github.com/hugofrely/envswitch/cmd/list.go:70.19,71.30 1 1
github.com/hugofrely/envswitch/cmd/list.go:71.30,73.5 1 1
github.com/hugofrely/envswitch/cmd/list.go:76.4,77.48 2 1
github.com/hugofrely/envswitch/cmd/list.go:77.48,78.27 1 2
github.com/hugofrely/envswitch/cmd/list.go:78.27,80.6 1 2
github.com/hugofrely/envswitch/cmd/list.go:82.4,82.29 1 1
github.com/hugofrely/envswitch/cmd/list.go:82.29,84.5 1 1
github.com/hugofrely/envswitch/cmd/list.go:85.4,85.17 1 1
github.com/hugofrely/envswitch/cmd/list.go:89.2,90.28 2 4
github.com/hugofrely/envswitch/cmd/list.go:90.28,92.3 1 1
github.com/hugofrely/envswitch/cmd/list.go:93.2,95.12 2 4
github.com/hugofrely/envswitch/cmd/list.go:98.40,100.2 1 4
github.com/hugofrely/envswitch/cmd/plugin.go:70.13,76.2 5 1
github.com/hugofrely/envswitch/cmd/plugin.go:78.61,80.16 2 0
github.com/hugofrely/envswitch/cmd/plugin.go:80.16,82.3 1 0
github.com/hugofrely/envswitch/cmd/plugin.go:84.2,84.23 1 0
github.com/hugofrely/envswitch/cmd/plugin.go:84.23,89.3 4 0
github.com/hugofrely/envswitch/cmd/plugin.go:91.2,94.28 3 0
github.com/hugofrely/envswitch/cmd/plugin.go:94.28,96.35 2 0
github.com/hugofrely/envswitch/cmd/plugin.go:96.35,98.4 1 0
github.com/hugofrely/envswitch/cmd/plugin.go:99.3,99.32 1 0
github.com/hugofrely/envswitch/cmd/plugin.go:99.32,101.4 1 0
github.com/hugofrely/envswitch/cmd/plugin.go:102.3,102.16 1 0
github.com/hugofrely/envswitch/cmd/plugin.go:105.2,106.12 2 0
github.com/hugofrely/envswitch/cmd/plugin.go:109.64,113.55 2 0
github.com/hugofrely/envswitch/cmd/plugin.go:113.55,115.3 1 0
github.com/hugofrely/envswitch/cmd/plugin.go:118.2,119.57 2 0
github.com/hugofrely/envswitch/cmd/plugin.go:119.57,121.3 1 0
github.com/hugofrely/envswitch/cmd/plugin.go:124.2,125.16 2 0
github.com/hugofrely/envswitch/cmd/plugin.go:125.16,127.3 1 0
github.com/hugofrely/envswitch/cmd/plugin.go:130.2,131.16 2 0
github.com/hugofrely/envswitch/cmd/plugin.go:131.16,133.3 1 0
github.com/hugofrely/envswitch/cmd/plugin.go:135.2,135.15 1 0
github.com/hugofrely/envswitch/cmd/plugin.go:135.15,137.3 1 0
github.com/hugofrely/envswitch/cmd/plugin.go:140.2,141.16 2 0
github.com/hugofrely/envswitch/cmd/plugin.go:141.16,143.3 1 0
github.com/hugofrely/envswitch/cmd/plugin.go:146.2,146.54 1 0
github.com/hugofrely/envswitch/cmd/plugin.go:146.54,148.3 1 0
github.com/hugofrely/envswitch/cmd/plugin.go:151.2,152.54 2 0
github.com/hugofrely/envswitch/cmd/plugin.go:152.54,154.3 1 0
github.com/hugofrely/envswitch/cmd/plugin.go:156.2,157.41 2 0
github.com/hugofrely/envswitch/cmd/plugin.go:157.41,159.3 1 0
github.com/hugofrely/envswitch/cmd/plugin.go:162.2,163.64 2 0
github.com/hugofrely/envswitch/cmd/plugin.go:163.64,165.3 1 0
github.com/hugofrely/envswitch/cmd/plugin.go:165.8,167.3 1 0
github.com/hugofrely/envswitch/cmd/plugin.go:169.2,169.12 1 0
github.com/hugofrely/envswitch/cmd/plugin.go:172.63,177.16 3 0
github.com/hugofrely/envswitch/cmd/plugin.go:177.16,179.3 1 0
github.com/hugofrely/envswitch/cmd/plugin.go:181.2,181.16 1 0
github.com/hugofrely/envswitch/cmd/plugin.go:181.16,183.3 1 0
github.com/hugofrely/envswitch/cmd/plugin.go:186.2,186.56 1 0
github.com/hugofrely/envswitch/cmd/plugin.go:186.56,188.3 1 0
github.com/hugofrely/envswitch/cmd/plugin.go:190.2,191.12 2 0
github.com/hugofrely/envswitch/cmd/plugin.go:194.61,199.16 3 0
github.com/hugofrely/envswitch/cmd/plugin.go:199.16,201.3 1 0
github.com/hugofrely/envswitch/cmd/plugin.go:203.2,206.65 2 0
github.com/hugofrely/envswitch/cmd/plugin.go:206.65,208.3 1 0
github.com/hugofrely/envswitch/cmd/plugin.go:211.2,212.16 2 0
github.com/hugofrely/envswitch/cmd/plugin.go:212.16,214.3 1 0
github.com/hugofrely/envswitch/cmd/plugin.go:217.2,219.41 3 0
github.com/hugofrely/envswitch/cmd/plugin.go:219.41,221.3 1 0
github.com/hugofrely/envswitch/cmd/plugin.go:222.2,222.36 1 0
github.com/hugofrely/envswitch/cmd/plugin.go:222.36,224.3 1 0
github.com/hugofrely/envswitch/cmd/plugin.go:225.2,225.38 1 0
github.com/hugofrely/envswitch/cmd/plugin.go:225.38,227.3 1 0
github.com/hugofrely/envswitch/cmd/plugin.go:228.2,228.37 1 0
github.com/hugofrely/envswitch/cmd/plugin.go:228.37,230.3 1 0
github.com/hugofrely/envswitch/cmd/plugin.go:231.2,231.38 1 0
github.com/hugofrely/envswitch/cmd/plugin.go:231.38,233.3 1 0
github.com/hugofrely/envswitch/cmd/plugin.go:234.2,234.37 1 0
github.com/hugofrely/envswitch/cmd/plugin.go:234.37,236.3 1 0
github.com/hugofrely/envswitch/cmd/plugin.go:238.2,238.12 1 0
github.com/hugofrely/envswitch/cmd/plugin.go:242.37,243.81 1 0
github.com/hugofrely/envswitch/cmd/plugin.go:243.81,244.17 1 0
github.com/hugofrely/envswitch/cmd/plugin.go:244.17,246.4 1 0
github.com/hugofrely/envswitch/cmd/plugin.go:249.3,250.17 2 0
github.com/hugofrely/envswitch/cmd/plugin.go:250.17,252.4 1 0
github.com/hugofrely/envswitch/cmd/plugin.go:254.3,256.19 2 0
github.com/hugofrely/envswitch/cmd/plugin.go:256.19,258.4 1 0
github.com/hugofrely/envswitch/cmd/plugin.go:261.3,262.17 2 0
github.com/hugofrely/envswitch/cmd/plugin.go:262.17,264.4 1 0
github.com/hugofrely/envswitch/cmd/plugin.go:266.3,266.53 1 0
github.com/hugofrely/envswitch/cmd/plugin.go:286.13,288.2 1 1
github.com/hugofrely/envswitch/cmd/root.go:34.22,36.2 1 0
github.com/hugofrely/envswitch/cmd/root.go:38.13,47.2 5 1
github.com/hugofrely/envswitch/cmd/root.go:49.19,50.19 1 8
github.com/hugofrely/envswitch/cmd/root.go:50.19,52.3 1 0
github.com/hugofrely/envswitch/cmd/root.go:52.8,54.17 2 8
github.com/hugofrely/envswitch/cmd/root.go:54.17,57.4 2 0
github.com/hugofrely/envswitch/cmd/root.go:59.3,61.32 3 8
github.com/hugofrely/envswitch/cmd/root.go:64.2,66.45 2 8
github.com/hugofrely/envswitch/cmd/root.go:66.45,67.14 1 1
github.com/hugofrely/envswitch/cmd/root.go:67.14,69.4 1 0
github.com/hugofrely/envswitch/cmd/root.go:74.57,76.109 1 8
github.com/hugofrely/envswitch/cmd/root.go:76.109,78.3 1 0
github.com/hugofrely/envswitch/cmd/root.go:81.2,81.19 1 8
github.com/hugofrely/envswitch/cmd/root.go:81.19,83.3 1 8
github.com/hugofrely/envswitch/cmd/root.go:85.2,86.16 2 0
github.com/hugofrely/envswitch/cmd/root.go:86.16,88.3 1 0
github.com/hugofrely/envswitch/cmd/root.go:90.2,91.46 2 0
github.com/hugofrely/envswitch/cmd/root.go:91.46,93.3 1 0
github.com/hugofrely/envswitch/cmd/root.go:95.2,96.16 2 0
github.com/hugofrely/envswitch/cmd/root.go:96.16,98.12 1 0
github.com/hugofrely/envswitch/cmd/root.go:98.12,100.4 1 0
github.com/hugofrely/envswitch/cmd/root.go:101.3,101.9 1 0
github.com/hugofrely/envswitch/cmd/root.go:104.2,104.20 1 0
github.com/hugofrely/envswitch/cmd/root.go:104.20,107.3 2 0
github.com/hugofrely/envswitch/cmd/root.go:111.24,113.16 2 8
github.com/hugofrely/envswitch/cmd/root.go:113.16,115.3 1 0
github.com/hugofrely/envswitch/cmd/root.go:116.2,116.51 1 8
github.com/hugofrely/envswitch/cmd/save.go:19.13,21.2 1 1
github.com/hugofrely/envswitch/cmd/save.go:23.55,26.16 2 8
github.com/hugofrely/envswitch/cmd/save.go:26.16,28.3 1 0
github.com/hugofrely/envswitch/cmd/save.go:30.2,30.23 1 8
github.com/hugofrely/envswitch/cmd/save.go:30.23,32.3 1 1
github.com/hugofrely/envswitch/cmd/save.go:34.2,38.63 3 7
github.com/hugofrely/envswitch/cmd/save.go:38.63,40.3 1 0
github.com/hugofrely/envswitch/cmd/save.go:42.2,43.12 2 7
github.com/hugofrely/envswitch/cmd/shell.go:52.13,56.2 3 1
github.com/hugofrely/envswitch/cmd/shell.go:58.60,63.16 3 4
github.com/hugofrely/envswitch/cmd/shell.go:63.16,65.3 1 0
github.com/hugofrely/envswitch/cmd/shell.go:67.2,68.16 2 4
github.com/hugofrely/envswitch/cmd/shell.go:68.16,70.3 1 0
github.com/hugofrely/envswitch/cmd/shell.go:72.2,73.12 2 4
github.com/hugofrely/envswitch/cmd/shell.go:76.63,81.16 3 7
github.com/hugofrely/envswitch/cmd/shell.go:81.16,83.3 1 0
github.com/hugofrely/envswitch/cmd/shell.go:85.2,86.16 2 7
github.com/hugofrely/envswitch/cmd/shell.go:86.16,88.3 1 0
github.com/hugofrely/envswitch/cmd/shell.go:90.2,94.19 4 7
github.com/hugofrely/envswitch/cmd/shell.go:95.14,96.42 1 3
github.com/hugofrely/envswitch/cmd/shell.go:97.13,98.42 1 2
github.com/hugofrely/envswitch/cmd/shell.go:99.14,100.42 1 2
github.com/hugofrely/envswitch/cmd/shell.go:103.2,105.12 2 7
github.com/hugofrely/envswitch/cmd/show.go:20.13,22.2 1 1
github.com/hugofrely/envswitch/cmd/show.go:24.55,28.16 3 7
github.com/hugofrely/envswitch/cmd/show.go:28.16,30.3 1 1
github.com/hugofrely/envswitch/cmd/show.go:32.2,33.27 2 6
github.com/hugofrely/envswitch/cmd/show.go:33.27,35.3 1 1
github.com/hugofrely/envswitch/cmd/show.go:36.2,37.28 2 6
github.com/hugofrely/envswitch/cmd/show.go:37.28,39.3 1 1
github.com/hugofrely/envswitch/cmd/show.go:40.2,40.32 1 6
github.com/hugofrely/envswitch/cmd/show.go:40.32,42.3 1 1
github.com/hugofrely/envswitch/cmd/show.go:43.2,48.46 4 6
github.com/hugofrely/envswitch/cmd/show.go:48.46,49.26 1 3
github.com/hugofrely/envswitch/cmd/show.go:49.26,50.12 1 1
github.com/hugofrely/envswitch/cmd/show.go:53.3,54.35 2 2
github.com/hugofrely/envswitch/cmd/show.go:54.35,55.48 1 2
github.com/hugofrely/envswitch/cmd/show.go:55.48,57.5 1 3
github.com/hugofrely/envswitch/cmd/show.go:59.3,59.16 1 2
github.com/hugofrely/envswitch/cmd/show.go:62.2,62.26 1 6
github.com/hugofrely/envswitch/cmd/show.go:62.26,64.39 2 1
github.com/hugofrely/envswitch/cmd/show.go:64.39,66.4 1 3
github.com/hugofrely/envswitch/cmd/show.go:67.3,67.16 1 1
github.com/hugofrely/envswitch/cmd/show.go:70.2,70.23 1 6
github.com/hugofrely/envswitch/cmd/show.go:70.23,72.3 1 1
github.com/hugofrely/envswitch/cmd/show.go:74.2,74.12 1 6
github.com/hugofrely/envswitch/cmd/switch.go:45.13,51.2 5 1
github.com/hugofrely/envswitch/cmd/switch.go:53.57,58.16 3 20
github.com/hugofrely/envswitch/cmd/switch.go:58.16,61.3 2 0
github.com/hugofrely/envswitch/cmd/switch.go:64.2,64.11 1 20
github.com/hugofrely/envswitch/cmd/switch.go:64.11,66.3 1 0
github.com/hugofrely/envswitch/cmd/switch.go:66.8,66.20 1 20
github.com/hugofrely/envswitch/cmd/switch.go:66.20,68.3 1 0
github.com/hugofrely/envswitch/cmd/switch.go:71.2,71.53 1 20
github.com/hugofrely/envswitch/cmd/switch.go:71.53,73.3 1 0
github.com/hugofrely/envswitch/cmd/switch.go:74.2,77.75 2 20
github.com/hugofrely/envswitch/cmd/switch.go:77.75,79.3 1 1
github.com/hugofrely/envswitch/cmd/switch.go:82.2,83.16 2 19
github.com/hugofrely/envswitch/cmd/switch.go:83.16,85.3 1 0
github.com/hugofrely/envswitch/cmd/switch.go:87.2,87.56 1 19
github.com/hugofrely/envswitch/cmd/switch.go:87.56,90.3 2 1
github.com/hugofrely/envswitch/cmd/switch.go:92.2,94.18 2 18
github.com/hugofrely/envswitch/cmd/switch.go:94.18,96.3 1 1
github.com/hugofrely/envswitch/cmd/switch.go:99.2,99.63 1 17
github.com/hugofrely/envswitch/cmd/switch.go:99.63,105.43 5 0
github.com/hugofrely/envswitch/cmd/switch.go:105.43,107.4 1 0
github.com/hugofrely/envswitch/cmd/switch.go:110.2,110.61 1 17
github.com/hugofrely/envswitch/cmd/switch.go:113.62,114.23 1 18
github.com/hugofrely/envswitch/cmd/switch.go:114.23,116.3 1 12
github.com/hugofrely/envswitch/cmd/switch.go:117.2,117.17 1 6
github.com/hugofrely/envswitch/cmd/switch.go:120.54,126.2 5 1
github.com/hugofrely/envswitch/cmd/switch.go:128.112,132.16 3 17
github.com/hugofrely/envswitch/cmd/switch.go:132.16,134.3 1 0
github.com/hugofrely/envswitch/cmd/switch.go:136.2,151.16 7 17
github.com/hugofrely/envswitch/cmd/switch.go:151.16,154.3 2 0
github.com/hugofrely/envswitch/cmd/switch.go:156.2,156.61 1 17
github.com/hugofrely/envswitch/cmd/switch.go:156.61,159.3 2 0
github.com/hugofrely/envswitch/cmd/switch.go:161.2,161.103 1 17
github.com/hugofrely/envswitch/cmd/switch.go:161.103,164.3 2 0
github.com/hugofrely/envswitch/cmd/switch.go:166.2,167.16 2 17
github.com/hugofrely/envswitch/cmd/switch.go:167.16,170.3 2 0
github.com/hugofrely/envswitch/cmd/switch.go:171.2,175.103 3 17
github.com/hugofrely/envswitch/cmd/switch.go:175.103,178.3 2 0
github.com/hugofrely/envswitch/cmd/switch.go:180.2,180.12 1 17
github.com/hugofrely/envswitch/cmd/switch.go:183.120,184.23 1 17
github.com/hugofrely/envswitch/cmd/switch.go:184.23,186.3 1 6
github.com/hugofrely/envswitch/cmd/switch.go:189.2,189.47 1 11
github.com/hugofrely/envswitch/cmd/switch.go:189.47,190.21 1 1
github.com/hugofrely/envswitch/cmd/switch.go:190.21,192.4 1 1
github.com/hugofrely/envswitch/cmd/switch.go:192.9,194.4 1 0
github.com/hugofrely/envswitch/cmd/switch.go:195.3,195.17 1 1
github.com/hugofrely/envswitch/cmd/switch.go:198.2,200.22 3 10
github.com/hugofrely/envswitch/cmd/switch.go:200.22,204.3 3 0
github.com/hugofrely/envswitch/cmd/switch.go:206.2,208.25 3 10
github.com/hugofrely/envswitch/cmd/switch.go:211.66,212.23 1 17
github.com/hugofrely/envswitch/cmd/switch.go:212.23,214.3 1 6
github.com/hugofrely/envswitch/cmd/switch.go:216.2,217.63 2 11
github.com/hugofrely/envswitch/cmd/switch.go:217.63,219.3 1 0
github.com/hugofrely/envswitch/cmd/switch.go:220.2,221.12 2 11
github.com/hugofrely/envswitch/cmd/switch.go:224.138,225.58 1 17
github.com/hugofrely/envswitch/cmd/switch.go:225.58,227.3 1 17
github.com/hugofrely/envswitch/cmd/switch.go:229.2,230.82 2 0
github.com/hugofrely/envswitch/cmd/switch.go:230.82,235.3 4 0
github.com/hugofrely/envswitch/cmd/switch.go:236.2,236.12 1 0
github.com/hugofrely/envswitch/cmd/switch.go:239.123,242.16 3 17
github.com/hugofrely/envswitch/cmd/switch.go:242.16,247.3 4 0
github.com/hugofrely/envswitch/cmd/switch.go:248.2,249.23 2 17
github.com/hugofrely/envswitch/cmd/switch.go:252.84,253.59 1 17
github.com/hugofrely/envswitch/cmd/switch.go:253.59,255.3 1 17
github.com/hugofrely/envswitch/cmd/switch.go:257.2,258.83 2 0
github.com/hugofrely/envswitch/cmd/switch.go:258.83,260.3 1 0
github.com/hugofrely/envswitch/cmd/switch.go:263.170,266.16 2 17
github.com/hugofrely/envswitch/cmd/switch.go:266.16,268.3 1 0
github.com/hugofrely/envswitch/cmd/switch.go:270.2,270.70 1 17
github.com/hugofrely/envswitch/cmd/switch.go:270.70,272.3 1 0
github.com/hugofrely/envswitch/cmd/switch.go:274.2,275.41 2 17
github.com/hugofrely/envswitch/cmd/switch.go:275.41,277.3 1 0
github.com/hugofrely/envswitch/cmd/switch.go:279.2,288.22 7 17
github.com/hugofrely/envswitch/cmd/switch.go:288.22,290.3 1 10
github.com/hugofrely/envswitch/cmd/switch.go:293.2,293.29 1 17
github.com/hugofrely/envswitch/cmd/switch.go:293.29,295.17 2 16
github.com/hugofrely/envswitch/cmd/switch.go:295.17,297.4 1 0
github.com/hugofrely/envswitch/cmd/switch.go:297.9,297.25 1 16
github.com/hugofrely/envswitch/cmd/switch.go:297.25,299.4 1 1
github.com/hugofrely/envswitch/cmd/switch.go:303.2,303.43 1 17
github.com/hugofrely/envswitch/cmd/switch.go:303.43,307.3 3 2
github.com/hugofrely/envswitch/cmd/switch.go:309.2,309.12 1 17
github.com/hugofrely/envswitch/cmd/switch.go:313.69,317.42 3 18
github.com/hugofrely/envswitch/cmd/switch.go:317.42,318.22 1 33
github.com/hugofrely/envswitch/cmd/switch.go:318.22,319.12 1 13
github.com/hugofrely/envswitch/cmd/switch.go:322.3,323.14 2 20
github.com/hugofrely/envswitch/cmd/switch.go:323.14,325.12 2 8
github.com/hugofrely/envswitch/cmd/switch.go:328.3,329.57 2 12
github.com/hugofrely/envswitch/cmd/switch.go:329.57,331.12 2 0
github.com/hugofrely/envswitch/cmd/switch.go:334.3,335.53 2 12
github.com/hugofrely/envswitch/cmd/switch.go:335.53,337.12 2 2
github.com/hugofrely/envswitch/cmd/switch.go:341.3,343.18 3 10
github.com/hugofrely/envswitch/cmd/switch.go:347.2,347.26 1 18
github.com/hugofrely/envswitch/cmd/switch.go:347.26,350.36 3 0
github.com/hugofrely/envswitch/cmd/switch.go:350.36,352.4 1 0
github.com/hugofrely/envswitch/cmd/switch.go:354.3,355.24 2 0
github.com/hugofrely/envswitch/cmd/switch.go:355.24,357.4 1 0
github.com/hugofrely/envswitch/cmd/switch.go:357.9,358.64 1 0
github.com/hugofrely/envswitch/cmd/switch.go:358.64,360.5 1 0
github.com/hugofrely/envswitch/cmd/switch.go:360.10,362.5 1 0
github.com/hugofrely/envswitch/cmd/switch.go:366.2,366.23 1 18
github.com/hugofrely/envswitch/cmd/switch.go:366.23,368.3 1 9
github.com/hugofrely/envswitch/cmd/switch.go:369.2,369.19 1 18
github.com/hugofrely/envswitch/cmd/switch.go:373.68,377.42 3 17
github.com/hugofrely/envswitch/cmd/switch.go:377.42,378.22 1 18
github.com/hugofrely/envswitch/cmd/switch.go:378.22,379.12 1 8
github.com/hugofrely/envswitch/cmd/switch.go:382.3,383.14 2 10
github.com/hugofrely/envswitch/cmd/switch.go:383.14,385.12 2 6
github.com/hugofrely/envswitch/cmd/switch.go:388.3,391.58 2 4
github.com/hugofrely/envswitch/cmd/switch.go:391.58,393.12 2 1
github.com/hugofrely/envswitch/cmd/switch.go:397.3,397.61 1 3
github.com/hugofrely/envswitch/cmd/switch.go:397.61,399.12 2 1
github.com/hugofrely/envswitch/cmd/switch.go:402.3,403.52 2 2
github.com/hugofrely/envswitch/cmd/switch.go:403.52,405.12 2 0
github.com/hugofrely/envswitch/cmd/switch.go:407.3,407.18 1 2
github.com/hugofrely/envswitch/cmd/switch.go:411.2,412.20 2 17
github.com/hugofrely/envswitch/cmd/switch.go:412.20,414.3 1 0
github.com/hugofrely/envswitch/cmd/switch.go:414.8,414.29 1 17
github.com/hugofrely/envswitch/cmd/switch.go:414.29,416.75 2 0
github.com/hugofrely/envswitch/cmd/switch.go:416.75,418.4 1 0
github.com/hugofrely/envswitch/cmd/switch.go:418.9,420.4 1 0
github.com/hugofrely/envswitch/cmd/switch.go:423.2,423.27 1 17
github.com/hugofrely/envswitch/cmd/switch.go:427.54,430.42 2 2
github.com/hugofrely/envswitch/cmd/switch.go:430.42,431.22 1 0
github.com/hugofrely/envswitch/cmd/switch.go:431.22,432.12 1 0
github.com/hugofrely/envswitch/cmd/switch.go:435.3,436.14 2 0
github.com/hugofrely/envswitch/cmd/switch.go:436.14,437.12 1 0
github.com/hugofrely/envswitch/cmd/switch.go:441.3,441.25 1 0
github.com/hugofrely/envswitch/cmd/switch.go:441.25,443.4 1 0
github.com/hugofrely/envswitch/cmd/switch.go:443.9,445.4 1 0
github.com/hugofrely/envswitch/cmd/switch.go:450.48,452.16 2 17
github.com/hugofrely/envswitch/cmd/switch.go:452.16,455.3 2 0
github.com/hugofrely/envswitch/cmd/switch.go:457.2,457.45 1 17
github.com/hugofrely/envswitch/cmd/switch.go:457.45,459.3 1 0
github.com/hugofrely/envswitch/cmd/switch.go:463.46,477.60 4 40
github.com/hugofrely/envswitch/cmd/switch.go:477.60,479.3 1 36
github.com/hugofrely/envswitch/cmd/switch.go:482.2,483.35 2 4
github.com/hugofrely/envswitch/cmd/switch.go:483.35,485.49 2 20
github.com/hugofrely/envswitch/cmd/switch.go:485.49,486.28 1 42
github.com/hugofrely/envswitch/cmd/switch.go:486.28,489.10 3 11
github.com/hugofrely/envswitch/cmd/switch.go:492.3,492.16 1 20
github.com/hugofrely/envswitch/cmd/switch.go:492.16,494.4 1 9
github.com/hugofrely/envswitch/cmd/switch.go:497.2,497.22 1 4
github.com/hugofrely/envswitch/cmd/switch.go:501.62,503.16 2 40
github.com/hugofrely/envswitch/cmd/switch.go:503.16,506.3 2 0
github.com/hugofrely/envswitch/cmd/switch.go:508.2,510.28 2 40
github.com/hugofrely/envswitch/cmd/switch.go:510.28,514.38 2 0
github.com/hugofrely/envswitch/cmd/switch.go:514.38,517.48 2 0
github.com/hugofrely/envswitch/cmd/switch.go:517.48,519.5 1 0
github.com/hugofrely/envswitch/cmd/switch.go:520.4,521.72 2 0
github.com/hugofrely/envswitch/cmd/switch.go:522.9,525.35 2 0
github.com/hugofrely/envswitch/cmd/switch.go:525.35,529.5 2 0
github.com/hugofrely/envswitch/cmd/switch.go:529.10,533.5 2 0
github.com/hugofrely/envswitch/cmd/switch.go:536.4,536.67 1 0
github.com/hugofrely/envswitch/cmd/switch.go:539.3,539.78 1 0
github.com/hugofrely/envswitch/cmd/switch.go:545.57,552.63 2 0
github.com/hugofrely/envswitch/cmd/switch.go:552.63,554.3 1 0
github.com/hugofrely/envswitch/cmd/switch.go:557.2,557.47 1 0
github.com/hugofrely/envswitch/cmd/update.go:20.13,22.2 1 1
github.com/hugofrely/envswitch/cmd/update.go:24.57,28.16 3 2
github.com/hugofrely/envswitch/cmd/update.go:28.16,30.3 1 0
github.com/hugofrely/envswitch/cmd/update.go:32.2,32.47 1 2
github.com/hugofrely/envswitch/cmd/update.go:32.47,35.3 2 2
github.com/hugofrely/envswitch/cmd/update.go:37.2,37.21 1 0
github.com/hugofrely/envswitch/cmd/update.go:37.21,40.3 2 0
github.com/hugofrely/envswitch/cmd/update.go:42.2,54.28 11 0
github.com/hugofrely/envswitch/cmd/update.go:54.28,57.3 2 0
github.com/hugofrely/envswitch/cmd/update.go:59.2,62.12 3 0
